execve("/bin/df", ["df"], [/* 52 vars */]) = 0
brk(NULL)                               = 0x1add000
access("/etc/ld.so.nohwcap", F_OK)      = -1 ENOENT (No such file or directory)
access("/etc/ld.so.preload", R_OK)      = -1 ENOENT (No such file or directory)
open("/etc/ld.so.cache", O_RDONLY|O_CLOEXEC) = 3
fstat(3, {st_mode=S_IFREG|0644, st_size=74641, ...}) = 0
mmap(NULL, 74641, PROT_READ, MAP_PRIVATE, 3, 0) = 0x7f0d89101000
close(3)                                = 0
access("/etc/ld.so.nohwcap", F_OK)      = -1 ENOENT (No such file or directory)
open("/lib/x86_64-linux-gnu/libc.so.6", O_RDONLY|O_CLOEXEC) = 3
read(3, "\177ELF\2\1\1\3\0\0\0\0\0\0\0\0\3\0>\0\1\0\0\0`\t\2\0\0\0\0\0"..., 832) = 832
fstat(3, {st_mode=S_IFREG|0755, st_size=1868984, ...}) = 0
mmap(NULL, 4096, PROT_READ|PROT_WRITE, MAP_PRIVATE|MAP_ANONYMOUS, -1, 0) = 0x7f0d89100000
mmap(NULL, 3971488, PROT_READ|PROT_EXEC, MAP_PRIVATE|MAP_DENYWRITE, 3, 0) = 0x7f0d88b25000
mprotect(0x7f0d88ce5000, 2097152, PROT_NONE) = 0
mmap(0x7f0d88ee5000, 24576, PROT_READ|PROT_WRITE, MAP_PRIVATE|MAP_FIXED|MAP_DENYWRITE, 3, 0x1c0000) = 0x7f0d88ee5000
mmap(0x7f0d88eeb000, 14752, PROT_READ|PROT_WRITE, MAP_PRIVATE|MAP_FIXED|MAP_ANONYMOUS, -1, 0) = 0x7f0d88eeb000
close(3)                                = 0
mmap(NULL, 4096, PROT_READ|PROT_WRITE, MAP_PRIVATE|MAP_ANONYMOUS, -1, 0) = 0x7f0d890ff000
mmap(NULL, 4096, PROT_READ|PROT_WRITE, MAP_PRIVATE|MAP_ANONYMOUS, -1, 0) = 0x7f0d890fe000
arch_prctl(ARCH_SET_FS, 0x7f0d890ff700) = 0
mprotect(0x7f0d88ee5000, 16384, PROT_READ) = 0
mprotect(0x616000, 4096, PROT_READ)     = 0
mprotect(0x7f0d89114000, 4096, PROT_READ) = 0
munmap(0x7f0d89101000, 74641)           = 0
brk(NULL)                               = 0x1add000
brk(0x1afe000)                          = 0x1afe000
open("/usr/lib/locale/locale-archive", O_RDONLY|O_CLOEXEC) = 3
fstat(3, {st_mode=S_IFREG|0644, st_size=2981280, ...}) = 0
mmap(NULL, 2981280, PROT_READ, MAP_PRIVATE, 3, 0) = 0x7f0d8884d000
close(3)                                = 0
open("/usr/share/locale/locale.alias", O_RDONLY|O_CLOEXEC) = 3
fstat(3, {st_mode=S_IFREG|0644, st_size=2995, ...}) = 0
read(3, "# Locale name alias data base.\n#"..., 4096) = 2995
read(3, "", 4096)                       = 0
close(3)                                = 0
open("/usr/share/locale/en_US/LC_MESSAGES/coreutils.mo", O_RDONLY) = -1 ENOENT (No such file or directory)
open("/usr/share/locale/en/LC_MESSAGES/coreutils.mo", O_RDONLY) = -1 ENOENT (No such file or directory)
open("/usr/share/locale-langpack/en_US/LC_MESSAGES/coreutils.mo", O_RDONLY) = -1 ENOENT (No such file or directory)
open("/usr/share/locale-langpack/en/LC_MESSAGES/coreutils.mo", O_RDONLY) = 3
fstat(3, {st_mode=S_IFREG|0644, st_size=619, ...}) = 0
mmap(NULL, 619, PROT_READ, MAP_PRIVATE, 3, 0) = 0x7f0d89113000
close(3)                                = 0
open("/proc/self/mountinfo", O_RDONLY)  = 3
fstat(3, {st_mode=S_IFREG|0444, st_size=0, ...}) = 0
read(3, "21 27 0:20 / /sys rw,nosuid,node"..., 1024) = 1024
read(3, "/lib/systemd/systemd-cgroups-age"..., 1024) = 1024
read(3, "uid,nodev,noexec,relatime shared"..., 1024) = 1024
read(3, "17 - tmpfs tmpfs rw,size=816876k"..., 1024) = 1024
read(3, "f1ae592191771f7c55ad6ca/work\n354"..., 1024) = 1024
read(3, "/run/docker/netns/3bc4e440a1da r"..., 1024) = 1024
read(3, "36df5 rw shared:286 - nsfs nsfs "..., 1024) = 1024
read(3, "832e5882bf9de8624fdf7a9/work\n266"..., 1024) = 1024
read(3, "O6IT6C7JZD6M4,upperdir=/var/lib/"..., 1024) = 1024
read(3, "ocker/overlay2/l/SJJMNSDEMWHOIO6"..., 1024) = 1024
read(3, "ns/06f8b31b184d rw shared:143 - "..., 1024) = 45
read(3, "", 1024)                       = 0
lseek(3, 0, SEEK_CUR)                   = 10285
close(3)                                = 0
stat("/sys", {st_mode=S_IFDIR|0555, st_size=0, ...}) = 0
stat("/proc", {st_mode=S_IFDIR|0555, st_size=0, ...}) = 0
stat("/dev", {st_mode=S_IFDIR|0755, st_size=4020, ...}) = 0
stat("/dev/pts", {st_mode=S_IFDIR|0755, st_size=0, ...}) = 0
stat("/run", {st_mode=S_IFDIR|0755, st_size=1140, ...}) = 0
stat("/", {st_mode=S_IFDIR|0755, st_size=4096, ...}) = 0
stat("/sys/kernel/security", {st_mode=S_IFDIR|0755, st_size=0, ...}) = 0
stat("/dev/shm", {st_mode=S_IFDIR|S_ISVTX|0777, st_size=160, ...}) = 0
stat("/run/lock", {st_mode=S_IFDIR|S_ISVTX|0777, st_size=140, ...}) = 0
stat("/sys/fs/cgroup", {st_mode=S_IFDIR|0755, st_size=360, ...}) = 0
stat("/sys/fs/cgroup/systemd", {st_mode=S_IFDIR|0555, st_size=0, ...}) = 0
stat("/sys/fs/pstore", {st_mode=S_IFDIR|0750, st_size=0, ...}) = 0
stat("/sys/fs/cgroup/freezer", {st_mode=S_IFDIR|0555, st_size=0, ...}) = 0
stat("/sys/fs/cgroup/net_cls,net_prio", {st_mode=S_IFDIR|0555, st_size=0, ...}) = 0
stat("/sys/fs/cgroup/rdma", {st_mode=S_IFDIR|0555, st_size=0, ...}) = 0
stat("/sys/fs/cgroup/devices", {st_mode=S_IFDIR|0555, st_size=0, ...}) = 0
stat("/sys/fs/cgroup/pids", {st_mode=S_IFDIR|0555, st_size=0, ...}) = 0
stat("/sys/fs/cgroup/memory", {st_mode=S_IFDIR|0555, st_size=0, ...}) = 0
stat("/sys/fs/cgroup/blkio", {st_mode=S_IFDIR|0555, st_size=0, ...}) = 0
stat("/sys/fs/cgroup/perf_event", {st_mode=S_IFDIR|0555, st_size=0, ...}) = 0
stat("/sys/fs/cgroup/cpuset", {st_mode=S_IFDIR|0555, st_size=0, ...}) = 0
stat("/sys/fs/cgroup/cpu,cpuacct", {st_mode=S_IFDIR|0555, st_size=0, ...}) = 0
stat("/sys/fs/cgroup/hugetlb", {st_mode=S_IFDIR|0555, st_size=0, ...}) = 0
stat("/proc/sys/fs/binfmt_misc", {st_mode=S_IFDIR|0755, st_size=0, ...}) = 0
stat("/dev/mqueue", {st_mode=S_IFDIR|S_ISVTX|0777, st_size=40, ...}) = 0
stat("/sys/kernel/debug", {st_mode=S_IFDIR|0700, st_size=0, ...}) = 0
stat("/dev/hugepages", {st_mode=S_IFDIR|0755, st_size=0, ...}) = 0
stat("/sys/kernel/config", {st_mode=S_IFDIR|0755, st_size=0, ...}) = 0
stat("/sys/fs/fuse/connections", {st_mode=S_IFDIR|0755, st_size=0, ...}) = 0
stat("/boot", {st_mode=S_IFDIR|0755, st_size=4096, ...}) = 0
stat("/proc/sys/fs/binfmt_misc", {st_mode=S_IFDIR|0755, st_size=0, ...}) = 0
stat("/run/user/1001", {st_mode=S_IFDIR|0700, st_size=60, ...}) = 0
stat("/media/sf_SecurityOnion_shared", {st_mode=S_IFDIR|0770, st_size=0, ...}) = 0
stat("/run/user/1000", {st_mode=S_IFDIR|0700, st_size=160, ...}) = 0
stat("/var/lib/docker/overlay2/aa410d57638e11ac673c87fbced2535357a142b72f1ae592191771f7c55ad6ca/merged", 0x7ffc86125610) = -1 EACCES (Permission denied)
stat("/run/docker/netns/10c2e29fd0e3", 0x7ffc86125610) = -1 EACCES (Permission denied)
stat("/media/jeremyangles/VBox_GAs_6.1.18", {st_mode=S_IFDIR|0555, st_size=2408, ...}) = 0
stat("/var/lib/docker/overlay2/ab5972dff4971c622dc343380a59e0f7007a0e79480387273b0a66bfacaf6f06/merged", 0x7ffc86125610) = -1 EACCES (Permission denied)
stat("/run/docker/netns/3bc4e440a1da", 0x7ffc86125610) = -1 EACCES (Permission denied)
stat("/var/lib/docker/overlay2/db86c778f7f6ee5a2757e5b5c12655af3632eafdad91e9ff3da0484a405abaaa/merged", 0x7ffc86125610) = -1 EACCES (Permission denied)
stat("/run/docker/netns/d6b581936df5", 0x7ffc86125610) = -1 EACCES (Permission denied)
stat("/var/lib/docker/overlay2/3b3c1ccae58811f01b2deb92d81b6972ff308402f832e5882bf9de8624fdf7a9/merged", 0x7ffc86125610) = -1 EACCES (Permission denied)
stat("/run/docker/netns/d1668bb71a3b", 0x7ffc86125610) = -1 EACCES (Permission denied)
stat("/var/lib/docker/overlay2/4ef530b8b9a16d319cf762bdff1bb9e8b9ec6b6e32888d129a7078625d308841/merged", 0x7ffc86125610) = -1 EACCES (Permission denied)
stat("/run/docker/netns/afc9671434c3", 0x7ffc86125610) = -1 EACCES (Permission denied)
stat("/var/lib/docker/overlay2/7b59ac870868d4a7aa46c7e364d779859d607091cd85dbcb952c8d09c54b4431/merged", 0x7ffc86125610) = -1 EACCES (Permission denied)
stat("/run/docker/netns/3ef42e6db76c", 0x7ffc86125610) = -1 EACCES (Permission denied)
stat("/var/lib/docker/overlay2/428ec8678fd0bac5169dc3ef8d9dbf9a1abecd49791a9a0adf5d395edb861889/merged", 0x7ffc86125610) = -1 EACCES (Permission denied)
stat("/run/docker/netns/06f8b31b184d", 0x7ffc86125610) = -1 EACCES (Permission denied)
uname({sysname="Linux", nodename="jeremyangles-VirtualBox", ...}) = 0
statfs("/dev", {f_type="TMPFS_MAGIC", f_bsize=4096, f_blocks=1013420, f_bfree=1013420, f_bavail=1013420, f_files=1013420, f_ffree=1012941, f_fsid={0, 0}, f_namelen=255, f_frsize=4096, f_flags=4130}) = 0
statfs("/run", {f_type="TMPFS_MAGIC", f_bsize=4096, f_blocks=204219, f_bfree=201706, f_bavail=201706, f_files=1021091, f_ffree=1020186, f_fsid={0, 0}, f_namelen=255, f_frsize=4096, f_flags=4138}) = 0
statfs("/", {f_type="EXT2_SUPER_MAGIC", f_bsize=4096, f_blocks=9855850, f_bfree=7840382, f_bavail=7333963, f_files=2514944, f_ffree=2240658, f_fsid={-1166969376, -1251238855}, f_namelen=255, f_frsize=4096, f_flags=4128}) = 0
statfs("/sys/kernel/security", {f_type="SECURITYFS_MAGIC", f_bsize=4096, f_blocks=0, f_bfree=0, f_bavail=0, f_files=0, f_ffree=0, f_fsid={0, 0}, f_namelen=255, f_frsize=4096, f_flags=4142}) = 0
statfs("/dev/shm", {f_type="TMPFS_MAGIC", f_bsize=4096, f_blocks=1021091, f_bfree=991940, f_bavail=991940, f_files=1021091, f_ffree=1020927, f_fsid={0, 0}, f_namelen=255, f_frsize=4096, f_flags=38}) = 0
statfs("/run/lock", {f_type="TMPFS_MAGIC", f_bsize=4096, f_blocks=1280, f_bfree=1279, f_bavail=1279, f_files=1021091, f_ffree=1021085, f_fsid={0, 0}, f_namelen=255, f_frsize=4096, f_flags=4142}) = 0
statfs("/sys/fs/cgroup", {f_type="TMPFS_MAGIC", f_bsize=4096, f_blocks=1021091, f_bfree=1021091, f_bavail=1021091, f_files=1021091, f_ffree=1021074, f_fsid={0, 0}, f_namelen=255, f_frsize=4096, f_flags=47}) = 0
statfs("/sys/fs/cgroup/systemd", {f_type="CGROUP_SUPER_MAGIC", f_bsize=4096, f_blocks=0, f_bfree=0, f_bavail=0, f_files=0, f_ffree=0, f_fsid={0, 0}, f_namelen=255, f_frsize=4096, f_flags=4142}) = 0
statfs("/sys/fs/pstore", {f_type="PSTOREFS_MAGIC", f_bsize=4096, f_blocks=0, f_bfree=0, f_bavail=0, f_files=0, f_ffree=0, f_fsid={0, 0}, f_namelen=255, f_frsize=4096, f_flags=4142}) = 0
statfs("/sys/fs/cgroup/freezer", {f_type="CGROUP_SUPER_MAGIC", f_bsize=4096, f_blocks=0, f_bfree=0, f_bavail=0, f_files=0, f_ffree=0, f_fsid={0, 0}, f_namelen=255, f_frsize=4096, f_flags=4142}) = 0
statfs("/sys/fs/cgroup/net_cls,net_prio", {f_type="CGROUP_SUPER_MAGIC", f_bsize=4096, f_blocks=0, f_bfree=0, f_bavail=0, f_files=0, f_ffree=0, f_fsid={0, 0}, f_namelen=255, f_frsize=4096, f_flags=4142}) = 0
statfs("/sys/fs/cgroup/rdma", {f_type="CGROUP_SUPER_MAGIC", f_bsize=4096, f_blocks=0, f_bfree=0, f_bavail=0, f_files=0, f_ffree=0, f_fsid={0, 0}, f_namelen=255, f_frsize=4096, f_flags=4142}) = 0
statfs("/sys/fs/cgroup/devices", {f_type="CGROUP_SUPER_MAGIC", f_bsize=4096, f_blocks=0, f_bfree=0, f_bavail=0, f_files=0, f_ffree=0, f_fsid={0, 0}, f_namelen=255, f_frsize=4096, f_flags=4142}) = 0
statfs("/sys/fs/cgroup/pids", {f_type="CGROUP_SUPER_MAGIC", f_bsize=4096, f_blocks=0, f_bfree=0, f_bavail=0, f_files=0, f_ffree=0, f_fsid={0, 0}, f_namelen=255, f_frsize=4096, f_flags=4142}) = 0
statfs("/sys/fs/cgroup/memory", {f_type="CGROUP_SUPER_MAGIC", f_bsize=4096, f_blocks=0, f_bfree=0, f_bavail=0, f_files=0, f_ffree=0, f_fsid={0, 0}, f_namelen=255, f_frsize=4096, f_flags=4142}) = 0
statfs("/sys/fs/cgroup/blkio", {f_type="CGROUP_SUPER_MAGIC", f_bsize=4096, f_blocks=0, f_bfree=0, f_bavail=0, f_files=0, f_ffree=0, f_fsid={0, 0}, f_namelen=255, f_frsize=4096, f_flags=4142}) = 0
statfs("/sys/fs/cgroup/perf_event", {f_type="CGROUP_SUPER_MAGIC", f_bsize=4096, f_blocks=0, f_bfree=0, f_bavail=0, f_files=0, f_ffree=0, f_fsid={0, 0}, f_namelen=255, f_frsize=4096, f_flags=4142}) = 0
statfs("/sys/fs/cgroup/cpuset", {f_type="CGROUP_SUPER_MAGIC", f_bsize=4096, f_blocks=0, f_bfree=0, f_bavail=0, f_files=0, f_ffree=0, f_fsid={0, 0}, f_namelen=255, f_frsize=4096, f_flags=4142}) = 0
statfs("/sys/fs/cgroup/cpu,cpuacct", {f_type="CGROUP_SUPER_MAGIC", f_bsize=4096, f_blocks=0, f_bfree=0, f_bavail=0, f_files=0, f_ffree=0, f_fsid={0, 0}, f_namelen=255, f_frsize=4096, f_flags=4142}) = 0
statfs("/sys/fs/cgroup/hugetlb", {f_type="CGROUP_SUPER_MAGIC", f_bsize=4096, f_blocks=0, f_bfree=0, f_bavail=0, f_files=0, f_ffree=0, f_fsid={0, 0}, f_namelen=255, f_frsize=4096, f_flags=4142}) = 0
statfs("/proc/sys/fs/binfmt_misc", {f_type="BINFMTFS_MAGIC", f_bsize=4096, f_blocks=0, f_bfree=0, f_bavail=0, f_files=0, f_ffree=0, f_fsid={0, 0}, f_namelen=255, f_frsize=4096, f_flags=4128}) = 0
statfs("/dev/hugepages", {f_type="HUGETLBFS_MAGIC", f_bsize=2097152, f_blocks=0, f_bfree=0, f_bavail=0, f_files=0, f_ffree=0, f_fsid={0, 0}, f_namelen=255, f_frsize=2097152, f_flags=4128}) = 0
statfs("/sys/kernel/config", {f_type=0x62656570, f_bsize=4096, f_blocks=0, f_bfree=0, f_bavail=0, f_files=0, f_ffree=0, f_fsid={0, 0}, f_namelen=255, f_frsize=4096, f_flags=4128}) = 0
statfs("/boot", {f_type="EXT2_SUPER_MAGIC", f_bsize=4096, f_blocks=184188, f_bfree=165785, f_bavail=156429, f_files=46848, f_ffree=46546, f_fsid={-433011463, -251675072}, f_namelen=255, f_frsize=4096, f_flags=4128}) = 0
statfs("/run/user/1001", {f_type="TMPFS_MAGIC", f_bsize=4096, f_blocks=204219, f_bfree=204219, f_bavail=204219, f_files=1021091, f_ffree=1021087, f_fsid={0, 0}, f_namelen=255, f_frsize=4096, f_flags=4134}) = 0
statfs("/media/sf_SecurityOnion_shared", {f_type=0x786f4256, f_bsize=4096, f_blocks=51758847, f_bfree=16613125, f_bavail=16613125, f_files=1000, f_ffree=1000000, f_fsid={0, 0}, f_namelen=255, f_frsize=4096, f_flags=4132}) = 0
statfs("/run/user/1000", {f_type="TMPFS_MAGIC", f_bsize=4096, f_blocks=204219, f_bfree=204216, f_bavail=204216, f_files=1021091, f_ffree=1021074, f_fsid={0, 0}, f_namelen=255, f_frsize=4096, f_flags=4134}) = 0
statfs("/var/lib/docker/overlay2/aa410d57638e11ac673c87fbced2535357a142b72f1ae592191771f7c55ad6ca/merged", 0x7ffc86124ed0) = -1 EACCES (Permission denied)
statfs("/run/docker/netns/10c2e29fd0e3", 0x7ffc86124ed0) = -1 EACCES (Permission denied)
statfs("/media/jeremyangles/VBox_GAs_6.1.18", {f_type="ISOFS_SUPER_MAGIC", f_bsize=2048, f_blocks=29862, f_bfree=0, f_bavail=0, f_files=0, f_ffree=0, f_fsid={2816, 0}, f_namelen=255, f_frsize=2048, f_flags=4135}) = 0
statfs("/var/lib/docker/overlay2/ab5972dff4971c622dc343380a59e0f7007a0e79480387273b0a66bfacaf6f06/merged", 0x7ffc86124ed0) = -1 EACCES (Permission denied)
statfs("/run/docker/netns/3bc4e440a1da", 0x7ffc86124ed0) = -1 EACCES (Permission denied)
statfs("/var/lib/docker/overlay2/db86c778f7f6ee5a2757e5b5c12655af3632eafdad91e9ff3da0484a405abaaa/merged", 0x7ffc86124ed0) = -1 EACCES (Permission denied)
statfs("/run/docker/netns/d6b581936df5", 0x7ffc86124ed0) = -1 EACCES (Permission denied)
statfs("/var/lib/docker/overlay2/3b3c1ccae58811f01b2deb92d81b6972ff308402f832e5882bf9de8624fdf7a9/merged", 0x7ffc86124ed0) = -1 EACCES (Permission denied)
statfs("/run/docker/netns/d1668bb71a3b", 0x7ffc86124ed0) = -1 EACCES (Permission denied)
statfs("/var/lib/docker/overlay2/4ef530b8b9a16d319cf762bdff1bb9e8b9ec6b6e32888d129a7078625d308841/merged", 0x7ffc86124ed0) = -1 EACCES (Permission denied)
statfs("/run/docker/netns/afc9671434c3", 0x7ffc86124ed0) = -1 EACCES (Permission denied)
statfs("/var/lib/docker/overlay2/7b59ac870868d4a7aa46c7e364d779859d607091cd85dbcb952c8d09c54b4431/merged", 0x7ffc86124ed0) = -1 EACCES (Permission denied)
statfs("/run/docker/netns/3ef42e6db76c", 0x7ffc86124ed0) = -1 EACCES (Permission denied)
statfs("/var/lib/docker/overlay2/428ec8678fd0bac5169dc3ef8d9dbf9a1abecd49791a9a0adf5d395edb861889/merged", 0x7ffc86124ed0) = -1 EACCES (Permission denied)
statfs("/run/docker/netns/06f8b31b184d", 0x7ffc86124ed0) = -1 EACCES (Permission denied)
open("/usr/lib/x86_64-linux-gnu/gconv/gconv-modules.cache", O_RDONLY) = 3
fstat(3, {st_mode=S_IFREG|0644, st_size=26258, ...}) = 0
mmap(NULL, 26258, PROT_READ, MAP_SHARED, 3, 0) = 0x7f0d8910c000
close(3)                                = 0
fstat(1, {st_mode=S_IFCHR|0620, st_rdev=makedev(136, 1), ...}) = 0
write(1, "Filesystem                      "..., 81Filesystem                         1K-blocks      Used Available Use% Mounted on
) = 81
write(1, "udev                            "..., 75udev                                 4053680         0   4053680   0% /dev
) = 75
write(1, "tmpfs                           "..., 75tmpfs                                 816876     10052    806824   2% /run
) = 75
write(1, "/dev/mapper/securityonion--vg-ro"..., 72/dev/mapper/securityonion--vg-root  39423400   8061872  29335852  22% /
) = 72
write(1, "tmpfs                           "..., 79tmpfs                                4084364    116604   3967760   3% /dev/shm
) = 79
write(1, "tmpfs                           "..., 80tmpfs                                   5120         4      5116   1% /run/lock
) = 80
write(1, "tmpfs                           "..., 85tmpfs                                4084364         0   4084364   0% /sys/fs/cgroup
) = 85
write(1, "/dev/sda1                       "..., 76/dev/sda1                             736752     73612    625716  11% /boot
) = 76
write(1, "tmpfs                           "..., 85tmpfs                                 816876         0    816876   0% /run/user/1001
) = 85
write(1, "SecurityOnion_shared            "..., 101SecurityOnion_shared               207035388 140582888  66452500  68% /media/sf_SecurityOnion_shared
) = 101
write(1, "tmpfs                           "..., 85tmpfs                                 816876        12    816864   1% /run/user/1000
) = 85
write(1, "/dev/sr0                        "..., 106/dev/sr0                               59724     59724         0 100% /media/jeremyangles/VBox_GAs_6.1.18
) = 106
close(1)                                = 0
close(2)                                = 0
exit_group(0)                           = ?
+++ exited with 0 +++